<?xml version="1.0" encoding="UTF-8"?>
<testsuite name="com.jejw.admin.springboot.web.dto.HelloResponseDtoTest" tests="1" skipped="0" failures="0" errors="0" timestamp="2021-04-05T00:32:38" hostname="SKCC19N00816" time="0.003">
  <properties/>
  <testcase name="롬복_기능_테스트" classname="com.jejw.admin.springboot.web.dto.HelloResponseDtoTest" time="0.003"/>
  <system-out><![CDATA[]]></system-out>
  <system-err><![CDATA[]]></system-err>
</testsuite>
