<?xml version="1.0" encoding="UTF-8"?>
<testsuite name="com.jejw.admin.springboot.domain.posts.PostsRepositoryTest" tests="2" skipped="0" failures="0" errors="0" timestamp="2021-04-05T00:32:36" hostname="SKCC19N00816" time="0.402">
  <properties/>
  <testcase name="게시글저장_불러오기" classname="com.jejw.admin.springboot.domain.posts.PostsRepositoryTest" time="0.385"/>
  <testcase name="BaseTimeEntity_등록" classname="com.jejw.admin.springboot.domain.posts.PostsRepositoryTest" time="0.016"/>
  <system-out><![CDATA[09:32:31.116 [Test worker] DEBUG org.springframework.test.context.junit4.SpringJUnit4ClassRunner - SpringJUnit4ClassRunner constructor called with [class com.jejw.admin.springboot.domain.posts.PostsRepositoryTest]
09:32:31.116 [Test worker] DEBUG org.springframework.test.context.BootstrapUtils - Instantiating CacheAwareContextLoaderDelegate from class [org.springframework.test.context.cache.DefaultCacheAwareContextLoaderDelegate]
09:32:31.132 [Test worker] DEBUG org.springframework.test.context.BootstrapUtils - Instantiating BootstrapContext using constructor [public org.springframework.test.context.support.DefaultBootstrapContext(java.lang.Class,org.springframework.test.context.CacheAwareContextLoaderDelegate)]
09:32:31.147 [Test worker] DEBUG org.springframework.test.context.BootstrapUtils - Instantiating TestContextBootstrapper for test class [com.jejw.admin.springboot.domain.posts.PostsRepositoryTest] from class [org.springframework.boot.test.context.SpringBootTestContextBootstrapper]
09:32:31.147 [Test worker] INFO org.springframework.boot.test.context.SpringBootTestContextBootstrapper - Neither @ContextConfiguration nor @ContextHierarchy found for test class [com.jejw.admin.springboot.domain.posts.PostsRepositoryTest], using SpringBootContextLoader
09:32:31.163 [Test worker] DEBUG org.springframework.test.context.support.AbstractContextLoader - Did not detect default resource location for test class [com.jejw.admin.springboot.domain.posts.PostsRepositoryTest]: class path resource [com/jejw/admin/springboot/domain/posts/PostsRepositoryTest-context.xml] does not exist
09:32:31.163 [Test worker] DEBUG org.springframework.test.context.support.AbstractContextLoader - Did not detect default resource location for test class [com.jejw.admin.springboot.domain.posts.PostsRepositoryTest]: class path resource [com/jejw/admin/springboot/domain/posts/PostsRepositoryTestContext.groovy] does not exist
09:32:31.163 [Test worker] INFO org.springframework.test.context.support.AbstractContextLoader - Could not detect default resource locations for test class [com.jejw.admin.springboot.domain.posts.PostsRepositoryTest]: no resource found for suffixes {-context.xml, Context.groovy}.
09:32:31.163 [Test worker] INFO org.springframework.test.context.support.AnnotationConfigContextLoaderUtils - Could not detect default configuration classes for test class [com.jejw.admin.springboot.domain.posts.PostsRepositoryTest]: PostsRepositoryTest does not declare any static, non-private, non-final, nested classes annotated with @Configuration.
09:32:31.194 [Test worker] DEBUG org.springframework.test.context.support.ActiveProfilesUtils - Could not find an 'annotation declaring class' for annotation type [org.springframework.test.context.ActiveProfiles] and class [com.jejw.admin.springboot.domain.posts.PostsRepositoryTest]
09:32:31.303 [Test worker] DEBUG org.springframework.context.annotation.ClassPathScanningCandidateComponentProvider - Identified candidate component class: file [D:\IJP\build\classes\java\main\com\jejw\admin\springboot\Application.class]
09:32:31.303 [Test worker] INFO org.springframework.boot.test.context.SpringBootTestContextBootstrapper - Found @SpringBootConfiguration com.jejw.admin.springboot.Application for test class com.jejw.admin.springboot.domain.posts.PostsRepositoryTest
09:32:31.382 [Test worker] DEBUG org.springframework.boot.test.context.SpringBootTestContextBootstrapper - @TestExecutionListeners is not present for class [com.jejw.admin.springboot.domain.posts.PostsRepositoryTest]: using defaults.
09:32:31.382 [Test worker] INFO org.springframework.boot.test.context.SpringBootTestContextBootstrapper - Loaded default TestExecutionListener class names from location [META-INF/spring.factories]: [org.springframework.boot.test.autoconfigure.restdocs.RestDocsTestExecutionListener, org.springframework.boot.test.autoconfigure.web.client.MockRestServiceServerResetTestExecutionListener, org.springframework.boot.test.autoconfigure.web.servlet.MockMvcPrintOnlyOnFailureTestExecutionListener, org.springframework.boot.test.autoconfigure.web.servlet.WebDriverTestExecutionListener, org.springframework.boot.test.mock.mockito.MockitoTestExecutionListener, org.springframework.boot.test.mock.mockito.ResetMocksTestExecutionListener, org.springframework.test.context.web.ServletTestExecutionListener, org.springframework.test.context.support.DirtiesContextBeforeModesTestExecutionListener, org.springframework.test.context.support.DependencyInjectionTestExecutionListener, org.springframework.test.context.support.DirtiesContextTestExecutionListener, org.springframework.test.context.transaction.TransactionalTestExecutionListener, org.springframework.test.context.jdbc.SqlScriptsTestExecutionListener]
09:32:31.397 [Test worker] INFO org.springframework.boot.test.context.SpringBootTestContextBootstrapper - Using TestExecutionListeners: [org.springframework.test.context.web.ServletTestExecutionListener@30e589e4, org.springframework.test.context.support.DirtiesContextBeforeModesTestExecutionListener@15308f7c, org.springframework.boot.test.mock.mockito.MockitoTestExecutionListener@7cc0d336, org.springframework.boot.test.autoconfigure.SpringBootDependencyInjectionTestExecutionListener@4fcc3e5d, org.springframework.test.context.support.DirtiesContextTestExecutionListener@53fa24e9, org.springframework.test.context.transaction.TransactionalTestExecutionListener@42200a85, org.springframework.test.context.jdbc.SqlScriptsTestExecutionListener@38832894, org.springframework.boot.test.autoconfigure.restdocs.RestDocsTestExecutionListener@1613c70f, org.springframework.boot.test.autoconfigure.web.client.MockRestServiceServerResetTestExecutionListener@144c6448, org.springframework.boot.test.autoconfigure.web.servlet.MockMvcPrintOnlyOnFailureTestExecutionListener@56fa3066, org.springframework.boot.test.autoconfigure.web.servlet.WebDriverTestExecutionListener@771c65a5, org.springframework.boot.test.mock.mockito.ResetMocksTestExecutionListener@7f3feff6]
09:32:31.413 [Test worker] DEBUG org.springframework.test.annotation.ProfileValueUtils - Retrieved @ProfileValueSourceConfiguration [null] for test class [com.jejw.admin.springboot.domain.posts.PostsRepositoryTest]
09:32:31.413 [Test worker] DEBUG org.springframework.test.annotation.ProfileValueUtils - Retrieved ProfileValueSource type [class org.springframework.test.annotation.SystemProfileValueSource] for class [com.jejw.admin.springboot.domain.posts.PostsRepositoryTest]
09:32:31.413 [Test worker] DEBUG org.springframework.test.annotation.ProfileValueUtils - Retrieved @ProfileValueSourceConfiguration [null] for test class [com.jejw.admin.springboot.domain.posts.PostsRepositoryTest]
09:32:31.413 [Test worker] DEBUG org.springframework.test.annotation.ProfileValueUtils - Retrieved ProfileValueSource type [class org.springframework.test.annotation.SystemProfileValueSource] for class [com.jejw.admin.springboot.domain.posts.PostsRepositoryTest]
09:32:31.413 [Test worker] DEBUG org.springframework.test.context.support.AbstractDirtiesContextTestExecutionListener - Before test class: context [DefaultTestContext@6502a7fc testClass = PostsRepositoryTest, testInstance = [null], testMethod = [null], testException = [null], mergedContextConfiguration = [WebMergedContextConfiguration@1ab6db89 testClass = PostsRepositoryTest, locations = '{}', classes = '{class com.jejw.admin.springboot.Application}', contextInitializerClasses = '[]', activeProfiles = '{}', propertySourceLocations = '{}', propertySourceProperties = '{org.springframework.boot.test.context.SpringBootTestContextBootstrapper=true}', contextCustomizers = set[org.springframework.boot.test.autoconfigure.properties.PropertyMappingContextCustomizer@0, org.springframework.boot.test.autoconfigure.web.servlet.WebDriverContextCustomizerFactory$Customizer@55cb9684, org.springframework.boot.test.context.filter.ExcludeFilterContextCustomizer@681e32b4, org.springframework.boot.test.json.DuplicateJsonObjectContextCustomizerFactory$DuplicateJsonObjectContextCustomizer@31d885f8, org.springframework.boot.test.mock.mockito.MockitoContextCustomizer@0, org.springframework.boot.test.web.client.TestRestTemplateContextCustomizer@21d2606c], resourceBasePath = 'src/main/webapp', contextLoader = 'org.springframework.boot.test.context.SpringBootContextLoader', parent = [null]], attributes = map['org.springframework.test.context.web.ServletTestExecutionListener.activateListener' -> true]], class annotated with @DirtiesContext [false] with mode [null].
09:32:31.413 [Test worker] DEBUG org.springframework.test.annotation.ProfileValueUtils - Retrieved @ProfileValueSourceConfiguration [null] for test class [com.jejw.admin.springboot.domain.posts.PostsRepositoryTest]
09:32:31.413 [Test worker] DEBUG org.springframework.test.annotation.ProfileValueUtils - Retrieved ProfileValueSource type [class org.springframework.test.annotation.SystemProfileValueSource] for class [com.jejw.admin.springboot.domain.posts.PostsRepositoryTest]
09:32:31.428 [Test worker] DEBUG org.springframework.test.context.support.TestPropertySourceUtils - Adding inlined properties to environment: {spring.jmx.enabled=false, org.springframework.boot.test.context.SpringBootTestContextBootstrapper=true, server.port=-1}

  .   ____          _            __ _ _
 /\\ / ___'_ __ _ _(_)_ __  __ _ \ \ \ \
( ( )\___ | '_ | '_| | '_ \/ _` | \ \ \ \
 \\/  ___)| |_)| | | | | || (_| |  ) ) ) )
  '  |____| .__|_| |_|_| |_\__, | / / / /
 =========|_|==============|___/=/_/_/_/
 :: Spring Boot ::        (v2.1.7.RELEASE)

2021-04-05 09:32:31.677  INFO 4876 --- [    Test worker] c.j.a.s.d.posts.PostsRepositoryTest      : Starting PostsRepositoryTest on SKCC19N00816 with PID 4876 (started by 08451 in D:\IJP)
2021-04-05 09:32:31.677  INFO 4876 --- [    Test worker] c.j.a.s.d.posts.PostsRepositoryTest      : No active profile set, falling back to default profiles: default
2021-04-05 09:32:32.491  INFO 4876 --- [    Test worker] .s.d.r.c.RepositoryConfigurationDelegate : Bootstrapping Spring Data repositories in DEFAULT mode.
2021-04-05 09:32:32.553  INFO 4876 --- [    Test worker] .s.d.r.c.RepositoryConfigurationDelegate : Finished Spring Data repository scanning in 62ms. Found 2 repository interfaces.
2021-04-05 09:32:33.014  INFO 4876 --- [    Test worker] trationDelegate$BeanPostProcessorChecker : Bean 'org.springframework.transaction.annotation.ProxyTransactionManagementConfiguration' of type [org.springframework.transaction.annotation.ProxyTransactionManagementConfiguration$$EnhancerBySpringCGLIB$$1abcd32] is not eligible for getting processed by all BeanPostProcessors (for example: not eligible for auto-proxying)
2021-04-05 09:32:33.201  INFO 4876 --- [    Test worker] com.zaxxer.hikari.HikariDataSource       : HikariPool-1 - Starting...
2021-04-05 09:32:33.342  INFO 4876 --- [    Test worker] com.zaxxer.hikari.HikariDataSource       : HikariPool-1 - Start completed.
2021-04-05 09:32:33.428  INFO 4876 --- [    Test worker] o.hibernate.jpa.internal.util.LogHelper  : HHH000204: Processing PersistenceUnitInfo [
	name: default
	...]
2021-04-05 09:32:33.491  INFO 4876 --- [    Test worker] org.hibernate.Version                    : HHH000412: Hibernate Core {5.3.10.Final}
2021-04-05 09:32:33.491  INFO 4876 --- [    Test worker] org.hibernate.cfg.Environment            : HHH000206: hibernate.properties not found
2021-04-05 09:32:33.687  INFO 4876 --- [    Test worker] o.hibernate.annotations.common.Version   : HCANN000001: Hibernate Commons Annotations {5.0.4.Final}
2021-04-05 09:32:33.871  INFO 4876 --- [    Test worker] org.hibernate.dialect.Dialect            : HHH000400: Using dialect: org.hibernate.dialect.MySQL5InnoDBDialect
Hibernate: drop table if exists posts
Hibernate: drop table if exists user
Hibernate: create table posts (id bigint not null auto_increment, created_date datetime, modified_date datetime, author varchar(255), content TEXT not null, title varchar(500) not null, primary key (id)) engine=InnoDB
Hibernate: create table user (id bigint not null auto_increment, email varchar(255) not null, name varchar(255) not null, picture varchar(255), role varchar(255) not null, primary key (id)) engine=InnoDB
2021-04-05 09:32:34.465  INFO 4876 --- [    Test worker] o.h.t.schema.internal.SchemaCreatorImpl  : HHH000476: Executing import script 'org.hibernate.tool.schema.internal.exec.ScriptSourceInputNonExistentImpl@4fcabfc6'
2021-04-05 09:32:34.480  INFO 4876 --- [    Test worker] j.LocalContainerEntityManagerFactoryBean : Initialized JPA EntityManagerFactory for persistence unit 'default'
2021-04-05 09:32:35.051  INFO 4876 --- [    Test worker] o.h.h.i.QueryTranslatorFactoryInitiator  : HHH000397: Using ASTQueryTranslatorFactory
2021-04-05 09:32:35.449  INFO 4876 --- [    Test worker] o.s.s.web.DefaultSecurityFilterChain     : Creating filter chain: any request, [org.springframework.security.web.context.request.async.WebAsyncManagerIntegrationFilter@346b9d6c, org.springframework.security.web.context.SecurityContextPersistenceFilter@2cf8f42d, org.springframework.security.web.header.HeaderWriterFilter@759bec3f, org.springframework.security.web.authentication.logout.LogoutFilter@73d6ff9b, org.springframework.security.oauth2.client.web.OAuth2AuthorizationRequestRedirectFilter@2cd04c8b, org.springframework.security.oauth2.client.web.OAuth2LoginAuthenticationFilter@137b98a2, org.springframework.security.web.authentication.ui.DefaultLoginPageGeneratingFilter@2188c61d, org.springframework.security.web.authentication.ui.DefaultLogoutPageGeneratingFilter@51bf3a33, org.springframework.security.web.savedrequest.RequestCacheAwareFilter@5ca47e10, org.springframework.security.web.servletapi.SecurityContextHolderAwareRequestFilter@568c502e, org.springframework.security.web.authentication.AnonymousAuthenticationFilter@6f5f724b, org.springframework.security.web.session.SessionManagementFilter@151f0d22, org.springframework.security.web.access.ExceptionTranslationFilter@2cf2d620, org.springframework.security.web.access.intercept.FilterSecurityInterceptor@68d8b5f]
2021-04-05 09:32:36.061  INFO 4876 --- [    Test worker] o.s.s.concurrent.ThreadPoolTaskExecutor  : Initializing ExecutorService 'applicationTaskExecutor'
2021-04-05 09:32:36.123  WARN 4876 --- [    Test worker] aWebConfiguration$JpaWebMvcConfiguration : spring.jpa.open-in-view is enabled by default. Therefore, database queries may be performed during view rendering. Explicitly configure spring.jpa.open-in-view to disable this warning
2021-04-05 09:32:36.201  INFO 4876 --- [    Test worker] o.s.b.a.w.s.WelcomePageHandlerMapping    : Adding welcome page template: index
2021-04-05 09:32:36.788  INFO 4876 --- [    Test worker] s.a.ScheduledAnnotationBeanPostProcessor : No TaskScheduler/ScheduledExecutorService bean found for scheduled processing
2021-04-05 09:32:36.803  INFO 4876 --- [    Test worker] c.j.a.s.d.posts.PostsRepositoryTest      : Started PostsRepositoryTest in 5.359 seconds (JVM running for 7.372)
Hibernate: insert into posts (created_date, modified_date, author, content, title) values (?, ?, ?, ?, ?)
Hibernate: select posts0_.id as id1_0_, posts0_.created_date as created_2_0_, posts0_.modified_date as modified3_0_, posts0_.author as author4_0_, posts0_.content as content5_0_, posts0_.title as title6_0_ from posts posts0_
Hibernate: select posts0_.id as id1_0_, posts0_.created_date as created_2_0_, posts0_.modified_date as modified3_0_, posts0_.author as author4_0_, posts0_.content as content5_0_, posts0_.title as title6_0_ from posts posts0_
Hibernate: delete from posts where id=?
Hibernate: insert into posts (created_date, modified_date, author, content, title) values (?, ?, ?, ?, ?)
Hibernate: select posts0_.id as id1_0_, posts0_.created_date as created_2_0_, posts0_.modified_date as modified3_0_, posts0_.author as author4_0_, posts0_.content as content5_0_, posts0_.title as title6_0_ from posts posts0_
>>>>>>>> createDate2021-04-05T09:32:37.223714, modifiedDate=2021-04-05T09:32:37.223714
Hibernate: select posts0_.id as id1_0_, posts0_.created_date as created_2_0_, posts0_.modified_date as modified3_0_, posts0_.author as author4_0_, posts0_.content as content5_0_, posts0_.title as title6_0_ from posts posts0_
Hibernate: delete from posts where id=?
]]></system-out>
  <system-err><![CDATA[]]></system-err>
</testsuite>
